<?xml version="1.0" encoding="UTF-8"?>
<testsuite xmlns:xsi="http://www.w3.org/2001/XMLSchema-instance" xsi:noNamespaceSchemaLocation="https://maven.apache.org/surefire/maven-surefire-plugin/xsd/surefire-test-report.xsd" name="TestSuite" time="41.59" tests="5" errors="0" skipped="0" failures="0">
  <properties>
    <property name="java.specification.version" value="17"/>
    <property name="sun.cpu.isalist" value="amd64"/>
    <property name="sun.jnu.encoding" value="Cp1252"/>
    <property name="java.class.path" value="C:\Users\ryadav\OneDrive - Planit Test Management Solutions Pty Ltd\Desktop\Playwright_Automation_Framework\target\test-classes;C:\Users\ryadav\OneDrive - Planit Test Management Solutions Pty Ltd\Desktop\Playwright_Automation_Framework\target\classes;C:\Users\ryadav\.m2\repository\com\microsoft\playwright\playwright\1.25.0\playwright-1.25.0.jar;C:\Users\ryadav\.m2\repository\com\google\code\gson\gson\2.8.9\gson-2.8.9.jar;C:\Users\ryadav\.m2\repository\org\opentest4j\opentest4j\1.2.0\opentest4j-1.2.0.jar;C:\Users\ryadav\.m2\repository\com\microsoft\playwright\driver\1.25.0\driver-1.25.0.jar;C:\Users\ryadav\.m2\repository\com\microsoft\playwright\driver-bundle\1.25.0\driver-bundle-1.25.0.jar;C:\Users\ryadav\.m2\repository\org\testng\testng\6.14.3\testng-6.14.3.jar;C:\Users\ryadav\.m2\repository\com\beust\jcommander\1.72\jcommander-1.72.jar;C:\Users\ryadav\.m2\repository\org\apache-extras\beanshell\bsh\2.0b6\bsh-2.0b6.jar;C:\Users\ryadav\.m2\repository\com\aventstack\extentreports\5.0.8\extentreports-5.0.8.jar;C:\Users\ryadav\.m2\repository\io\reactivex\rxjava3\rxjava\3.0.4\rxjava-3.0.4.jar;C:\Users\ryadav\.m2\repository\org\reactivestreams\reactive-streams\1.0.3\reactive-streams-1.0.3.jar;C:\Users\ryadav\.m2\repository\org\freemarker\freemarker\2.3.30\freemarker-2.3.30.jar;C:\Users\ryadav\.m2\repository\org\projectlombok\lombok\1.18.12\lombok-1.18.12.jar;C:\Users\ryadav\.m2\repository\org\apache\maven\surefire\surefire-testng-utils\2.22.0\surefire-testng-utils-2.22.0.jar;C:\Users\ryadav\.m2\repository\org\apache\maven\surefire\surefire-grouper\2.22.0\surefire-grouper-2.22.0.jar;"/>
    <property name="java.vm.vendor" value="Microsoft"/>
    <property name="sun.arch.data.model" value="64"/>
    <property name="user.variant" value=""/>
    <property name="java.vendor.url" value="https://www.microsoft.com"/>
    <property name="user.timezone" value="Asia/Calcutta"/>
    <property name="os.name" value="Windows 11"/>
    <property name="java.vm.specification.version" value="17"/>
    <property name="sun.java.launcher" value="SUN_STANDARD"/>
    <property name="user.country" value="AU"/>
    <property name="sun.boot.library.path" value="C:\Users\ryadav\.jdks\ms-17.0.16\bin"/>
    <property name="sun.java.command" value="C:\Users\ryadav\AppData\Local\Temp\surefire18207916389007641421\surefirebooter5379062201489044519.jar C:\Users\ryadav\AppData\Local\Temp\surefire18207916389007641421 2025-10-30T10-23-40_670-jvmRun1 surefire1787443780798702368tmp surefire_017189162691009093198tmp"/>
    <property name="jdk.debug" value="release"/>
    <property name="surefire.test.class.path" value="C:\Users\ryadav\OneDrive - Planit Test Management Solutions Pty Ltd\Desktop\Playwright_Automation_Framework\target\test-classes;C:\Users\ryadav\OneDrive - Planit Test Management Solutions Pty Ltd\Desktop\Playwright_Automation_Framework\target\classes;C:\Users\ryadav\.m2\repository\com\microsoft\playwright\playwright\1.25.0\playwright-1.25.0.jar;C:\Users\ryadav\.m2\repository\com\google\code\gson\gson\2.8.9\gson-2.8.9.jar;C:\Users\ryadav\.m2\repository\org\opentest4j\opentest4j\1.2.0\opentest4j-1.2.0.jar;C:\Users\ryadav\.m2\repository\com\microsoft\playwright\driver\1.25.0\driver-1.25.0.jar;C:\Users\ryadav\.m2\repository\com\microsoft\playwright\driver-bundle\1.25.0\driver-bundle-1.25.0.jar;C:\Users\ryadav\.m2\repository\org\testng\testng\6.14.3\testng-6.14.3.jar;C:\Users\ryadav\.m2\repository\com\beust\jcommander\1.72\jcommander-1.72.jar;C:\Users\ryadav\.m2\repository\org\apache-extras\beanshell\bsh\2.0b6\bsh-2.0b6.jar;C:\Users\ryadav\.m2\repository\com\aventstack\extentreports\5.0.8\extentreports-5.0.8.jar;C:\Users\ryadav\.m2\repository\io\reactivex\rxjava3\rxjava\3.0.4\rxjava-3.0.4.jar;C:\Users\ryadav\.m2\repository\org\reactivestreams\reactive-streams\1.0.3\reactive-streams-1.0.3.jar;C:\Users\ryadav\.m2\repository\org\freemarker\freemarker\2.3.30\freemarker-2.3.30.jar;C:\Users\ryadav\.m2\repository\org\projectlombok\lombok\1.18.12\lombok-1.18.12.jar;C:\Users\ryadav\.m2\repository\org\apache\maven\surefire\surefire-testng-utils\2.22.0\surefire-testng-utils-2.22.0.jar;C:\Users\ryadav\.m2\repository\org\apache\maven\surefire\surefire-grouper\2.22.0\surefire-grouper-2.22.0.jar;"/>
    <property name="sun.cpu.endian" value="little"/>
    <property name="user.home" value="C:\Users\ryadav"/>
    <property name="user.language" value="en"/>
    <property name="java.specification.vendor" value="Oracle Corporation"/>
    <property name="java.version.date" value="2025-07-15"/>
    <property name="java.home" value="C:\Users\ryadav\.jdks\ms-17.0.16"/>
    <property name="file.separator" value="\"/>
    <property name="basedir" value="C:\Users\ryadav\OneDrive - Planit Test Management Solutions Pty Ltd\Desktop\Playwright_Automation_Framework"/>
    <property name="java.vm.compressedOopsMode" value="Zero based"/>
    <property name="line.separator" value="&#10;"/>
    <property name="java.vm.specification.vendor" value="Oracle Corporation"/>
    <property name="java.specification.name" value="Java Platform API Specification"/>
    <property name="surefire.real.class.path" value="C:\Users\ryadav\AppData\Local\Temp\surefire18207916389007641421\surefirebooter5379062201489044519.jar"/>
    <property name="user.script" value=""/>
    <property name="sun.management.compiler" value="HotSpot 64-Bit Tiered Compilers"/>
    <property name="java.runtime.version" value="17.0.16+8-LTS"/>
    <property name="user.name" value="ryadav"/>
    <property name="path.separator" value=";"/>
    <property name="os.version" value="10.0"/>
    <property name="java.runtime.name" value="OpenJDK Runtime Environment"/>
    <property name="file.encoding" value="Cp1252"/>
    <property name="java.vm.name" value="OpenJDK 64-Bit Server VM"/>
    <property name="java.vendor.version" value="Microsoft-11926163"/>
    <property name="localRepository" value="C:\Users\ryadav\.m2\repository"/>
    <property name="java.vendor.url.bug" value="https://github.com/microsoft/openjdk/issues"/>
    <property name="java.io.tmpdir" value="C:\Users\ryadav\AppData\Local\Temp\"/>
    <property name="idea.version" value="2024.3.7"/>
    <property name="java.version" value="17.0.16"/>
    <property name="user.dir" value="C:\Users\ryadav\OneDrive - Planit Test Management Solutions Pty Ltd\Desktop\Playwright_Automation_Framework"/>
    <property name="os.arch" value="amd64"/>
    <property name="java.vm.specification.name" value="Java Virtual Machine Specification"/>
    <property name="sun.os.patch.level" value=""/>
    <property name="native.encoding" value="Cp1252"/>
    <property name="java.library.path" value="C:\Users\ryadav\.jdks\ms-17.0.16\bin;C:\Windows\Sun\Java\bin;C:\Windows\system32;C:\Windows;C:\Windows\system32;C:\Windows;C:\Windows\System32\Wbem;C:\Windows\System32\WindowsPowerShell\v1.0\;C:\Windows\System32\OpenSSH\;C:\Program Files\dotnet\;C:\Program Files\WindowsPowerShell\Scripts;C:\Program Files\nodejs\;C:\Users\ryadav\AppData\Local\Microsoft\WindowsApps;C:\Users\ryadav\AppData\Local\Programs\Git\cmd;C:\Program Files\nodejs;C:\Users\ryadav\OneDrive - Planit Test Management Solutions Pty Ltd\Desktop\maven-mvnd-1.0.3-windows-amd64;;."/>
    <property name="java.vm.info" value="mixed mode, sharing"/>
    <property name="java.vendor" value="Microsoft"/>
    <property name="java.vm.version" value="17.0.16+8-LTS"/>
    <property name="java.specification.maintenance.version" value="1"/>
    <property name="sun.io.unicode.encoding" value="UnicodeLittle"/>
    <property name="java.class.version" value="61.0"/>
  </properties>
  <testcase name="homePageTitleTest" classname="com.qa.playwright.tests.HomePageTest" time="0.35"/>
  <testcase name="homePageURLTest" classname="com.qa.playwright.tests.HomePageTest" time="0.284"/>
  <testcase name="searchTest" classname="com.qa.playwright.tests.HomePageTest" time="9.373"/>
  <testcase name="searchTest" classname="com.qa.playwright.tests.HomePageTest" time="9.296"/>
  <testcase name="searchTest" classname="com.qa.playwright.tests.HomePageTest" time="9.286"/>
</testsuite>