<?xml version="1.0" encoding="UTF-8"?>
<!-- Generated by org.testng.reporters.JUnitReportReporter -->
<testsuite hostname="PL-IN-PF5JALJ8" failures="0" tests="5" name="com.qa.playwright.tests.HomePageTest" time="27.316" errors="0" timestamp="30 Oct 2025 04:54:24 GMT" skipped="0">
  <testcase classname="com.qa.playwright.tests.HomePageTest" name="searchTest" time="9.115"/>
  <testcase classname="com.qa.playwright.tests.HomePageTest" name="searchTest" time="9.102"/>
  <testcase classname="com.qa.playwright.tests.HomePageTest" name="homePageURLTest" time="0.002"/>
  <testcase classname="com.qa.playwright.tests.HomePageTest" name="searchTest" time="9.084"/>
  <testcase classname="com.qa.playwright.tests.HomePageTest" name="homePageTitleTest" time="0.013"/>
</testsuite> <!-- com.qa.playwright.tests.HomePageTest -->
